[0m[[0m[0mdebug[0m] [0m[0m> Exec(__runWatch console0, Some(24c18855-edc3-49e7-858f-7883266ce279), Some(CommandSource(console0)))[0m
[0m[[0m[0mdebug[0m] [0m[0m> Exec(sbtStashOnFailure, None, Some(CommandSource(console0)))[0m
[0m[[0m[0mdebug[0m] [0m[0m> Exec(__preWatch console0, None, Some(CommandSource(console0)))[0m
[0m[[0m[0mdebug[0m] [0m[0m> Exec(run, None, Some(CommandSource(console0)))[0m
[0m[[0m[0mdebug[0m] [0m[0mEvaluating tasks: Compile / run[0m
[0m[[0m[0mdebug[0m] [0m[0mRunning task... Cancel: bloop.integrations.sbt.Offloader$$anon$1@4377ed24, check cycles: false, forcegc: true[0m
[0m[[0m[0minfo[0m] [0m[0mcompiling 1 Scala source to /Users/user/Projects/Big Data/BankApp/target/scala-3.1.0/classes ...[0m
[0m[[0m[31merror[0m] [0m[0m[31m-- [E007] Type Mismatch Error: /Users/user/Projects/Big Data/BankApp/src/main/scala/Account.scala:213:27 [0m[0m
[0m[[0m[31merror[0m] [0m[0m[31m213 |[0m      [33mcase[0m e: Exception => e.printStackTrace[0m
[0m[[0m[31merror[0m] [0m[0m    |                           [31m^^^^^^^^^^^^^^^^^[0m[0m
[0m[[0m[31merror[0m] [0m[0m    |                           Found:    Unit[0m
[0m[[0m[31merror[0m] [0m[0m    |                           Required: String[0m
[0m[[0m[31merror[0m] [0m[0m[31m-- [E007] Type Mismatch Error: /Users/user/Projects/Big Data/BankApp/src/main/scala/Account.scala:192:7 [0m[0m
[0m[[0m[31merror[0m] [0m[0m[31m192 |[0m      } [33melse[0m [33mif[0m (acct_type == [31m"c"[0m || acct_type == [31m"C"[0m) {[0m
[0m[[0m[31merror[0m] [0m[0m    |       [31m^[0m[0m
[0m[[0m[31merror[0m] [0m[0m    |       Found:    Unit[0m
[0m[[0m[31merror[0m] [0m[0m    |       Required: String[0m
[0m[[0m[31merror[0m] [0m[0m[31m-- [E007] Type Mismatch Error: /Users/user/Projects/Big Data/BankApp/src/main/scala/Account.scala:199:7 [0m[0m
[0m[[0m[31merror[0m] [0m[0m[31m199 |[0m      } [33melse[0m [33mif[0m (acct_type == [31m"s"[0m || acct_type == [31m"S"[0m) {[0m
[0m[[0m[31merror[0m] [0m[0m    |       [31m^[0m[0m
[0m[[0m[31merror[0m] [0m[0m    |       Found:    Unit[0m
[0m[[0m[31merror[0m] [0m[0m    |       Required: String[0m
[0m[[0m[31merror[0m] [0m[0m[31m-- [E007] Type Mismatch Error: /Users/user/Projects/Big Data/BankApp/src/main/scala/Account.scala:206:7 [0m[0m
[0m[[0m[31merror[0m] [0m[0m[31m206 |[0m      } [33melse[0m {[0m
[0m[[0m[31merror[0m] [0m[0m    |       [31m^[0m[0m
[0m[[0m[31merror[0m] [0m[0m    |       Found:    Unit[0m
[0m[[0m[31merror[0m] [0m[0m    |       Required: String[0m
[0m[[0m[31merror[0m] [0m[0m[31m-- [E007] Type Mismatch Error: /Users/user/Projects/Big Data/BankApp/src/main/scala/Account.scala:210:7 [0m[0m
[0m[[0m[31merror[0m] [0m[0m[31m210 |[0m      }[0m
[0m[[0m[31merror[0m] [0m[0m    |       [31m^[0m[0m
[0m[[0m[31merror[0m] [0m[0m    |       Found:    Unit[0m
[0m[[0m[31merror[0m] [0m[0m    |       Required: String[0m
[0m[[0m[31merror[0m] [0m[0m5 errors found[0m
[0m[[0m[31merror[0m] [0m[0m5 errors found[0m
[0m[[0m[31merror[0m] [0m[0m(Compile / [31mcompileIncremental[0m) Compilation failed[0m
[0m[[0m[31merror[0m] [0m[0mTotal time: 2 s, completed Jan 12, 2022, 1:13:40 AM[0m
[0m[[0m[0mdebug[0m] [0m[0m> Exec(resumeFromFailure, None, Some(CommandSource(console0)))[0m
[0m[[0m[0mdebug[0m] [0m[0m> Exec(sbtPopOnFailure, None, Some(CommandSource(console0)))[0m
[0m[[0m[0mdebug[0m] [0m[0m> Exec(__postWatch console0, None, Some(CommandSource(console0)))[0m
[0m[[0m[0mdebug[0m] [0m[0m> Exec(resumeFromFailure, None, None)[0m
[0m[[0m[0mdebug[0m] [0m[0m> Exec(__waitWatch console0, None, None)[0m
