[0m[[0m[0mdebug[0m] [0m[0m> Exec(~run, Some(1cb6d407-1bfe-405b-b810-eae0712fa726), Some(CommandSource(console0)))[0m
[0m[[0m[0mdebug[0m] [0m[0m> Exec(__runWatch console0, None, Some(CommandSource(console0)))[0m
[0m[[0m[0mdebug[0m] [0m[0m> Exec(sbtStashOnFailure, None, Some(CommandSource(console0)))[0m
[0m[[0m[0mdebug[0m] [0m[0m> Exec(__preWatch console0, None, Some(CommandSource(console0)))[0m
[0m[[0m[0mdebug[0m] [0m[0m> Exec(run, None, Some(CommandSource(console0)))[0m
[0m[[0m[0mdebug[0m] [0m[0mEvaluating tasks: Compile / run[0m
[0m[[0m[0mdebug[0m] [0m[0mRunning task... Cancel: bloop.integrations.sbt.Offloader$$anon$1@21a5b599, check cycles: false, forcegc: true[0m
[0m[[0m[0minfo[0m] [0m[0mcompiling 1 Scala source to /Users/user/Projects/Big Data/BankApp/target/scala-3.1.0/classes ...[0m
[0m[[0m[31merror[0m] [0m[0m[31m-- [E006] Not Found Error: /Users/user/Projects/Big Data/BankApp/src/main/scala/Account.scala:299:10 [0m[0m
[0m[[0m[31merror[0m] [0m[0m[31m299 |[0m          Calendar[0m
[0m[[0m[31merror[0m] [0m[0m    |          [31m^^^^^^^^[0m[0m
[0m[[0m[31merror[0m] [0m[0m    |          Not found: Calendar[0m
[0m[[0m[31merror[0m] [0m[0m[31m-- [E006] Not Found Error: /Users/user/Projects/Big Data/BankApp/src/main/scala/Account.scala:329:10 [0m[0m
[0m[[0m[31merror[0m] [0m[0m[31m329 |[0m          Calendar[0m
[0m[[0m[31merror[0m] [0m[0m    |          [31m^^^^^^^^[0m[0m
[0m[[0m[31merror[0m] [0m[0m    |          Not found: Calendar[0m
[0m[[0m[31merror[0m] [0m[0m[31m-- [E006] Not Found Error: /Users/user/Projects/Big Data/BankApp/src/main/scala/Account.scala:394:10 [0m[0m
[0m[[0m[31merror[0m] [0m[0m[31m394 |[0m          Calendar[0m
[0m[[0m[31merror[0m] [0m[0m    |          [31m^^^^^^^^[0m[0m
[0m[[0m[31merror[0m] [0m[0m    |          Not found: Calendar[0m
[0m[[0m[31merror[0m] [0m[0m[31m-- [E006] Not Found Error: /Users/user/Projects/Big Data/BankApp/src/main/scala/Account.scala:424:10 [0m[0m
[0m[[0m[31merror[0m] [0m[0m[31m424 |[0m          Calendar[0m
[0m[[0m[31merror[0m] [0m[0m    |          [31m^^^^^^^^[0m[0m
[0m[[0m[31merror[0m] [0m[0m    |          Not found: Calendar[0m
[0m[[0m[31merror[0m] [0m[0mfour errors found[0m
[0m[[0m[31merror[0m] [0m[0mfour errors found[0m
[0m[[0m[31merror[0m] [0m[0m(Compile / [31mcompileIncremental[0m) Compilation failed[0m
[0m[[0m[31merror[0m] [0m[0mTotal time: 6 s, completed Jan 12, 2022, 10:20:13 AM[0m
[0m[[0m[0mdebug[0m] [0m[0m> Exec(resumeFromFailure, None, Some(CommandSource(console0)))[0m
[0m[[0m[0mdebug[0m] [0m[0m> Exec(sbtPopOnFailure, None, Some(CommandSource(console0)))[0m
[0m[[0m[0mdebug[0m] [0m[0m> Exec(__postWatch console0, None, Some(CommandSource(console0)))[0m
[0m[[0m[0mdebug[0m] [0m[0m> Exec(__waitWatch console0, None, Some(CommandSource(console0)))[0m
